Determining if the pthread_create exist failed with the following output:
Change Dir: /home/mypc/ROSex/catakin_ws/build/CMakeFiles/CMakeTmp

Run Build Command:"/usr/bin/make" "cmTC_babc0/fast"
/usr/bin/make -f CMakeFiles/cmTC_babc0.dir/build.make CMakeFiles/cmTC_babc0.dir/build
make[1]: Entering directory '/home/mypc/ROSex/catakin_ws/build/CMakeFiles/CMakeTmp'
Building C object CMakeFiles/cmTC_babc0.dir/CheckSymbolExists.c.o
/usr/bin/cc     -o CMakeFiles/cmTC_babc0.dir/CheckSymbolExists.c.o   -c /home/mypc/ROSex/catakin_ws/build/CMakeFiles/CMakeTmp/CheckSymbolExists.c
Linking C executable cmTC_babc0
/usr/bin/cmake -E cmake_link_script CMakeFiles/cmTC_babc0.dir/link.txt --verbose=1
/usr/bin/cc       CMakeFiles/cmTC_babc0.dir/CheckSymbolExists.c.o  -o cmTC_babc0 -rdynamic 
CMakeFiles/cmTC_babc0.dir/CheckSymbolExists.c.o：在函数‘main’中：
CheckSymbolExists.c:(.text+0x16)：对‘pthread_create’未定义的引用
collect2: error: ld returned 1 exit status
CMakeFiles/cmTC_babc0.dir/build.make:97: recipe for target 'cmTC_babc0' failed
make[1]: *** [cmTC_babc0] Error 1
make[1]: Leaving directory '/home/mypc/ROSex/catakin_ws/build/CMakeFiles/CMakeTmp'
Makefile:126: recipe for target 'cmTC_babc0/fast' failed
make: *** [cmTC_babc0/fast] Error 2

File /home/mypc/ROSex/catakin_ws/build/CMakeFiles/CMakeTmp/CheckSymbolExists.c:
/* */
#include <pthread.h>

int main(int argc, char** argv)
{
  (void)argv;
#ifndef pthread_create
  return ((int*)(&pthread_create))[argc];
#else
  (void)argc;
  return 0;
#endif
}

Determining if the function pthread_create exists in the pthreads failed with the following output:
Change Dir: /home/mypc/ROSex/catakin_ws/build/CMakeFiles/CMakeTmp

Run Build Command:"/usr/bin/make" "cmTC_a6e71/fast"
/usr/bin/make -f CMakeFiles/cmTC_a6e71.dir/build.make CMakeFiles/cmTC_a6e71.dir/build
make[1]: Entering directory '/home/mypc/ROSex/catakin_ws/build/CMakeFiles/CMakeTmp'
Building C object CMakeFiles/cmTC_a6e71.dir/CheckFunctionExists.c.o
/usr/bin/cc    -DCHECK_FUNCTION_EXISTS=pthread_create   -o CMakeFiles/cmTC_a6e71.dir/CheckFunctionExists.c.o   -c /usr/share/cmake-3.5/Modules/CheckFunctionExists.c
Linking C executable cmTC_a6e71
/usr/bin/cmake -E cmake_link_script CMakeFiles/cmTC_a6e71.dir/link.txt --verbose=1
/usr/bin/cc   -DCHECK_FUNCTION_EXISTS=pthread_create    CMakeFiles/cmTC_a6e71.dir/CheckFunctionExists.c.o  -o cmTC_a6e71 -rdynamic -lpthreads 
/usr/bin/ld: 找不到 -lpthreads
collect2: error: ld returned 1 exit status
CMakeFiles/cmTC_a6e71.dir/build.make:97: recipe for target 'cmTC_a6e71' failed
make[1]: *** [cmTC_a6e71] Error 1
make[1]: Leaving directory '/home/mypc/ROSex/catakin_ws/build/CMakeFiles/CMakeTmp'
Makefile:126: recipe for target 'cmTC_a6e71/fast' failed
make: *** [cmTC_a6e71/fast] Error 2


